Using pre-set license
Built from '2021.3/china_unity/release' branch; Version is '2021.3.2f1c1 (7ac240095d88) revision 8045120'; Using compiler version '192829333'; Build Type 'Release'
OS: 'Windows 10  (10.0.19043) 64bit Professional' Language: 'zh' Physical Memory: 16253 MB
BatchMode: 1, IsHumanControllingUs: 0, StartBugReporterOnCrash: 0, Is64bit: 1, IsPro: 1

COMMAND LINE ARGUMENTS:
C:\Program Files\Unity\Hub\Editor\2021.3.2f1c1\Editor\Unity.exe
-adb2
-batchMode
-noUpm
-name
AssetImportWorker0
-projectPath
F:/Untiy/CarDemo/Unity_SimpleGraph-master
-logFile
Logs/AssetImportWorker0.log
-srvPort
49417
Successfully changed project path to: F:/Untiy/CarDemo/Unity_SimpleGraph-master
F:/Untiy/CarDemo/Unity_SimpleGraph-master
[UnityMemory] Configuration Parameters - Can be set up in boot.config
    "memorysetup-bucket-allocator-granularity=16"
    "memorysetup-bucket-allocator-bucket-count=8"
    "memorysetup-bucket-allocator-block-size=33554432"
    "memorysetup-bucket-allocator-block-count=8"
    "memorysetup-main-allocator-block-size=16777216"
    "memorysetup-thread-allocator-block-size=16777216"
    "memorysetup-gfx-main-allocator-block-size=16777216"
    "memorysetup-gfx-thread-allocator-block-size=16777216"
    "memorysetup-cache-allocator-block-size=4194304"
    "memorysetup-typetree-allocator-block-size=2097152"
    "memorysetup-profiler-bucket-allocator-granularity=16"
    "memorysetup-profiler-bucket-allocator-bucket-count=8"
    "memorysetup-profiler-bucket-allocator-block-size=33554432"
    "memorysetup-profiler-bucket-allocator-block-count=8"
    "memorysetup-profiler-allocator-block-size=16777216"
    "memorysetup-profiler-editor-allocator-block-size=1048576"
    "memorysetup-temp-allocator-size-main=16777216"
    "memorysetup-job-temp-allocator-block-size=2097152"
    "memorysetup-job-temp-allocator-block-size-background=1048576"
    "memorysetup-job-temp-allocator-reduction-small-platforms=262144"
    "memorysetup-temp-allocator-size-background-worker=32768"
    "memorysetup-temp-allocator-size-job-worker=262144"
    "memorysetup-temp-allocator-size-preload-manager=33554432"
    "memorysetup-temp-allocator-size-nav-mesh-worker=65536"
    "memorysetup-temp-allocator-size-audio-worker=65536"
    "memorysetup-temp-allocator-size-cloud-worker=32768"
    "memorysetup-temp-allocator-size-gi-baking-worker=262144"
    "memorysetup-temp-allocator-size-gfx=262144"
AS: AutoStreaming module initializing.
Refreshing native plugins compatible for Editor in 67.10 ms, found 3 plugins.
Preloading 0 native plugins for Editor in 0.00 ms.
Initialize engine version: 2021.3.2f1c1 (7ac240095d88)
[Subsystems] Discovering subsystems at path C:/Program Files/Unity/Hub/Editor/2021.3.2f1c1/Editor/Data/Resources/UnitySubsystems
[Subsystems] Discovering subsystems at path F:/Untiy/CarDemo/Unity_SimpleGraph-master/Assets
GfxDevice: creating device client; threaded=0; jobified=0
Direct3D:
    Version:  Direct3D 11.0 [level 11.1]
    Renderer: NVIDIA Quadro P620 (ID=0x1cb6)
    Vendor:   NVIDIA
    VRAM:     1977 MB
    Driver:   30.0.15.1215
Initialize mono
Mono path[0] = 'C:/Program Files/Unity/Hub/Editor/2021.3.2f1c1/Editor/Data/Managed'
Mono path[1] = 'C:/Program Files/Unity/Hub/Editor/2021.3.2f1c1/Editor/Data/MonoBleedingEdge/lib/mono/unityjit-win32'
Mono config path = 'C:/Program Files/Unity/Hub/Editor/2021.3.2f1c1/Editor/Data/MonoBleedingEdge/etc'
Using monoOptions --debugger-agent=transport=dt_socket,embedding=1,server=y,suspend=n,address=127.0.0.1:56588
Begin MonoManager ReloadAssembly
Registering precompiled unity dll's ...
Register platform support module: C:/Program Files/Unity/Hub/Editor/2021.3.2f1c1/Editor/Data/PlaybackEngines/WebGLSupport/UnityEditor.WebGL.Extensions.dll
Register platform support module: C:/Program Files/Unity/Hub/Editor/2021.3.2f1c1/Editor/Data/PlaybackEngines/WindowsStandaloneSupport/UnityEditor.WindowsStandalone.Extensions.dll
Registered in 0.028373 seconds.
Native extension for WindowsStandalone target not found
Native extension for WebGL target not found
Refreshing native plugins compatible for Editor in 66.40 ms, found 3 plugins.
Preloading 0 native plugins for Editor in 0.00 ms.
Mono: successfully reloaded assembly
- Completed reload, in  0.654 seconds
Domain Reload Profiling:
	ReloadAssembly (655ms)
		BeginReloadAssembly (95ms)
			ExecutionOrderSort (0ms)
			DisableScriptedObjects (0ms)
			BackupInstance (0ms)
			ReleaseScriptingObjects (0ms)
			CreateAndSetChildDomain (1ms)
		EndReloadAssembly (397ms)
			LoadAssemblies (88ms)
			RebuildTransferFunctionScriptingTraits (0ms)
			SetupTypeCache (93ms)
			ReleaseScriptCaches (0ms)
			RebuildScriptCaches (25ms)
			SetupLoadedEditorAssemblies (222ms)
				LogAssemblyErrors (0ms)
				InitializePlatformSupportModulesInManaged (14ms)
				SetLoadedEditorAssemblies (0ms)
				RefreshPlugins (66ms)
				BeforeProcessingInitializeOnLoad (1ms)
				ProcessInitializeOnLoadAttributes (102ms)
				ProcessInitializeOnLoadMethodAttributes (39ms)
				AfterProcessingInitializeOnLoad (0ms)
				EditorAssembliesLoaded (0ms)
			ExecutionOrderSort2 (0ms)
			AwakeInstancesAfterBackupRestoration (0ms)
Platform modules already initialized, skipping
Registering precompiled user dll's ...
Registered in 0.013329 seconds.
Begin MonoManager ReloadAssembly
Symbol file LoadedFromMemory doesn't match image F:\Untiy\CarDemo\Unity_SimpleGraph-master\Library\PackageCache\com.unity.visualscripting@1.7.6\Editor\VisualScripting.Core\Dependencies\YamlDotNet\Unity.VisualScripting.YamlDotNet.dll
Symbol file LoadedFromMemory doesn't match image F:\Untiy\CarDemo\Unity_SimpleGraph-master\Library\PackageCache\com.unity.visualscripting@1.7.6\Editor\VisualScripting.Core\Dependencies\DotNetZip\Unity.VisualScripting.IonicZip.dll
Native extension for WindowsStandalone target not found
Native extension for WebGL target not found
Refreshing native plugins compatible for Editor in 0.53 ms, found 3 plugins.
Preloading 0 native plugins for Editor in 0.00 ms.
Mono: successfully reloaded assembly
- Completed reload, in  1.119 seconds
Domain Reload Profiling:
	ReloadAssembly (1120ms)
		BeginReloadAssembly (131ms)
			ExecutionOrderSort (0ms)
			DisableScriptedObjects (5ms)
			BackupInstance (0ms)
			ReleaseScriptingObjects (0ms)
			CreateAndSetChildDomain (18ms)
		EndReloadAssembly (836ms)
			LoadAssemblies (97ms)
			RebuildTransferFunctionScriptingTraits (0ms)
			SetupTypeCache (228ms)
			ReleaseScriptCaches (1ms)
			RebuildScriptCaches (48ms)
			SetupLoadedEditorAssemblies (424ms)
				LogAssemblyErrors (0ms)
				InitializePlatformSupportModulesInManaged (14ms)
				SetLoadedEditorAssemblies (0ms)
				RefreshPlugins (1ms)
				BeforeProcessingInitializeOnLoad (115ms)
				ProcessInitializeOnLoadAttributes (237ms)
				ProcessInitializeOnLoadMethodAttributes (27ms)
				AfterProcessingInitializeOnLoad (31ms)
				EditorAssembliesLoaded (0ms)
			ExecutionOrderSort2 (0ms)
			AwakeInstancesAfterBackupRestoration (6ms)
Platform modules already initialized, skipping
========================================================================
Worker process is ready to serve import requests
Launched and connected shader compiler UnityShaderCompiler.exe after 0.04 seconds
Refreshing native plugins compatible for Editor in 0.71 ms, found 3 plugins.
Preloading 0 native plugins for Editor in 0.00 ms.
Unloading 3255 Unused Serialized files (Serialized files now loaded: 0)
Unloading 30 unused Assets / (55.9 KB). Loaded Objects now: 3715.
Memory consumption went from 116.1 MB to 116.0 MB.
Total: 2.935900 ms (FindLiveObjects: 0.307000 ms CreateObjectMapping: 0.259700 ms MarkObjects: 2.297900 ms  DeleteObjects: 0.070300 ms)

AssetImportParameters requested are different than current active one (requested -> active):
  custom:video-decoder-ogg-theora: a1e56fd34408186e4bbccfd4996cb3dc -> 
  custom:container-muxer-webm: aa71ff27fc2769a1b78a27578f13a17b -> 
  custom:container-demuxer-webm: 4f35f7cbe854078d1ac9338744f61a02 -> 
  custom:video-encoder-webm-vp8: eb34c28f22e8b96e1ab97ce403110664 -> 
  custom:audio-encoder-webm-vorbis: bf7c407c2cedff20999df2af8eb42d56 -> 
  custom:framework-win-MediaFoundation: 216162199b28c13a410421893ffa2e32 -> 
  custom:container-demuxer-ogg: 62fdf1f143b41e24485cea50d1cbac27 -> 
  custom:video-decoder-webm-vp8: 9c59270c3fd7afecdb556c50c9e8de78 -> 
  custom:audio-decoder-ogg-vorbis: bf7c407c2cedff20999df2af8eb42d56 -> 
========================================================================
Received Prepare
Registering precompiled user dll's ...
Registered in 0.012452 seconds.
Begin MonoManager ReloadAssembly
Symbol file LoadedFromMemory doesn't match image F:\Untiy\CarDemo\Unity_SimpleGraph-master\Library\PackageCache\com.unity.visualscripting@1.7.6\Editor\VisualScripting.Core\Dependencies\YamlDotNet\Unity.VisualScripting.YamlDotNet.dll
Symbol file LoadedFromMemory doesn't match image F:\Untiy\CarDemo\Unity_SimpleGraph-master\Library\PackageCache\com.unity.visualscripting@1.7.6\Editor\VisualScripting.Core\Dependencies\DotNetZip\Unity.VisualScripting.IonicZip.dll
Native extension for WindowsStandalone target not found
Native extension for WebGL target not found
Refreshing native plugins compatible for Editor in 0.58 ms, found 3 plugins.
Preloading 0 native plugins for Editor in 0.00 ms.
Mono: successfully reloaded assembly
- Completed reload, in  1.012 seconds
Domain Reload Profiling:
	ReloadAssembly (1012ms)
		BeginReloadAssembly (139ms)
			ExecutionOrderSort (0ms)
			DisableScriptedObjects (5ms)
			BackupInstance (0ms)
			ReleaseScriptingObjects (0ms)
			CreateAndSetChildDomain (28ms)
		EndReloadAssembly (754ms)
			LoadAssemblies (94ms)
			RebuildTransferFunctionScriptingTraits (0ms)
			SetupTypeCache (219ms)
			ReleaseScriptCaches (1ms)
			RebuildScriptCaches (38ms)
			SetupLoadedEditorAssemblies (353ms)
				LogAssemblyErrors (0ms)
				InitializePlatformSupportModulesInManaged (21ms)
				SetLoadedEditorAssemblies (1ms)
				RefreshPlugins (1ms)
				BeforeProcessingInitializeOnLoad (90ms)
				ProcessInitializeOnLoadAttributes (184ms)
				ProcessInitializeOnLoadMethodAttributes (27ms)
				AfterProcessingInitializeOnLoad (29ms)
				EditorAssembliesLoaded (0ms)
			ExecutionOrderSort2 (0ms)
			AwakeInstancesAfterBackupRestoration (8ms)
Platform modules already initialized, skipping
Refreshing native plugins compatible for Editor in 3.73 ms, found 3 plugins.
Preloading 0 native plugins for Editor in 0.00 ms.
Unloading 3249 Unused Serialized files (Serialized files now loaded: 0)
Unloading 23 unused Assets / (24.8 KB). Loaded Objects now: 3718.
Memory consumption went from 115.9 MB to 115.9 MB.
Total: 2.572500 ms (FindLiveObjects: 0.251200 ms CreateObjectMapping: 0.190200 ms MarkObjects: 2.112100 ms  DeleteObjects: 0.018000 ms)

AssetImportParameters requested are different than current active one (requested -> active):
  custom:video-decoder-ogg-theora: a1e56fd34408186e4bbccfd4996cb3dc -> 
  custom:container-muxer-webm: aa71ff27fc2769a1b78a27578f13a17b -> 
  custom:container-demuxer-webm: 4f35f7cbe854078d1ac9338744f61a02 -> 
  custom:video-encoder-webm-vp8: eb34c28f22e8b96e1ab97ce403110664 -> 
  custom:audio-encoder-webm-vorbis: bf7c407c2cedff20999df2af8eb42d56 -> 
  custom:framework-win-MediaFoundation: 216162199b28c13a410421893ffa2e32 -> 
  custom:container-demuxer-ogg: 62fdf1f143b41e24485cea50d1cbac27 -> 
  custom:video-decoder-webm-vp8: 9c59270c3fd7afecdb556c50c9e8de78 -> 
  custom:audio-decoder-ogg-vorbis: bf7c407c2cedff20999df2af8eb42d56 -> 
========================================================================
Received Prepare
Registering precompiled user dll's ...
Registered in 0.015895 seconds.
Begin MonoManager ReloadAssembly
Symbol file LoadedFromMemory doesn't match image F:\Untiy\CarDemo\Unity_SimpleGraph-master\Library\PackageCache\com.unity.visualscripting@1.7.6\Editor\VisualScripting.Core\Dependencies\YamlDotNet\Unity.VisualScripting.YamlDotNet.dll
Symbol file LoadedFromMemory doesn't match image F:\Untiy\CarDemo\Unity_SimpleGraph-master\Library\PackageCache\com.unity.visualscripting@1.7.6\Editor\VisualScripting.Core\Dependencies\DotNetZip\Unity.VisualScripting.IonicZip.dll
Native extension for WindowsStandalone target not found
Native extension for WebGL target not found
Refreshing native plugins compatible for Editor in 0.53 ms, found 3 plugins.
Preloading 0 native plugins for Editor in 0.00 ms.
Mono: successfully reloaded assembly
- Completed reload, in  1.104 seconds
Domain Reload Profiling:
	ReloadAssembly (1104ms)
		BeginReloadAssembly (197ms)
			ExecutionOrderSort (0ms)
			DisableScriptedObjects (5ms)
			BackupInstance (0ms)
			ReleaseScriptingObjects (0ms)
			CreateAndSetChildDomain (35ms)
		EndReloadAssembly (748ms)
			LoadAssemblies (134ms)
			RebuildTransferFunctionScriptingTraits (0ms)
			SetupTypeCache (229ms)
			ReleaseScriptCaches (1ms)
			RebuildScriptCaches (41ms)
			SetupLoadedEditorAssemblies (335ms)
				LogAssemblyErrors (0ms)
				InitializePlatformSupportModulesInManaged (20ms)
				SetLoadedEditorAssemblies (0ms)
				RefreshPlugins (1ms)
				BeforeProcessingInitializeOnLoad (85ms)
				ProcessInitializeOnLoadAttributes (175ms)
				ProcessInitializeOnLoadMethodAttributes (24ms)
				AfterProcessingInitializeOnLoad (30ms)
				EditorAssembliesLoaded (0ms)
			ExecutionOrderSort2 (0ms)
			AwakeInstancesAfterBackupRestoration (7ms)
Platform modules already initialized, skipping
Refreshing native plugins compatible for Editor in 4.14 ms, found 3 plugins.
Preloading 0 native plugins for Editor in 0.00 ms.
Unloading 3249 Unused Serialized files (Serialized files now loaded: 0)
Unloading 23 unused Assets / (24.8 KB). Loaded Objects now: 3721.
Memory consumption went from 115.9 MB to 115.9 MB.
Total: 2.617400 ms (FindLiveObjects: 0.250900 ms CreateObjectMapping: 0.164600 ms MarkObjects: 2.180500 ms  DeleteObjects: 0.020000 ms)

AssetImportParameters requested are different than current active one (requested -> active):
  custom:video-decoder-ogg-theora: a1e56fd34408186e4bbccfd4996cb3dc -> 
  custom:container-muxer-webm: aa71ff27fc2769a1b78a27578f13a17b -> 
  custom:container-demuxer-webm: 4f35f7cbe854078d1ac9338744f61a02 -> 
  custom:video-encoder-webm-vp8: eb34c28f22e8b96e1ab97ce403110664 -> 
  custom:audio-encoder-webm-vorbis: bf7c407c2cedff20999df2af8eb42d56 -> 
  custom:framework-win-MediaFoundation: 216162199b28c13a410421893ffa2e32 -> 
  custom:container-demuxer-ogg: 62fdf1f143b41e24485cea50d1cbac27 -> 
  custom:video-decoder-webm-vp8: 9c59270c3fd7afecdb556c50c9e8de78 -> 
  custom:audio-decoder-ogg-vorbis: bf7c407c2cedff20999df2af8eb42d56 -> 
========================================================================
Received Import Request.
  Time since last request: 589818.512995 seconds.
  path: Assets/Scripts/TestGraph/UIRadarImage.cs
  artifactKey: Guid(62a2215379352254e89c3a2c85849ec3) Importer(815301076,1909f56bfc062723c751e8b465ee728b)
Start importing Assets/Scripts/TestGraph/UIRadarImage.cs using Guid(62a2215379352254e89c3a2c85849ec3) Importer(815301076,1909f56bfc062723c751e8b465ee728b)  -> (artifact id: 'ff5babf1308cb57cd84a537fe76b523b') in 0.021633 seconds 
========================================================================
Received Import Request.
  Time since last request: 0.000664 seconds.
  path: Assets/3rdParty/Demigiant/DOTween/DOTween50.dll
  artifactKey: Guid(7eaff205517db634fb6e7092a567e1bc) Importer(815301076,1909f56bfc062723c751e8b465ee728b)
Start importing Assets/3rdParty/Demigiant/DOTween/DOTween50.dll using Guid(7eaff205517db634fb6e7092a567e1bc) Importer(815301076,1909f56bfc062723c751e8b465ee728b)  -> (artifact id: '5ae6958b4710510f82ba95f78f624ba4') in 0.006236 seconds 
========================================================================
Received Import Request.
  Time since last request: 0.009436 seconds.
  path: Assets/Scripts/TestGraph/UIRadarGraphManager.cs
  artifactKey: Guid(8f0bcc2633f504740a24925626c79ef7) Importer(815301076,1909f56bfc062723c751e8b465ee728b)
Start importing Assets/Scripts/TestGraph/UIRadarGraphManager.cs using Guid(8f0bcc2633f504740a24925626c79ef7) Importer(815301076,1909f56bfc062723c751e8b465ee728b)  -> (artifact id: '0b1ac20543853597ca16bd9bade7d147') in 0.001494 seconds 
========================================================================
Received Import Request.
  Time since last request: 0.000581 seconds.
  path: Assets/ArtResources/Textures/square.png
  artifactKey: Guid(6ab5796d61b0c90419d5da4fd2f9cc7b) Importer(815301076,1909f56bfc062723c751e8b465ee728b)
Start importing Assets/ArtResources/Textures/square.png using Guid(6ab5796d61b0c90419d5da4fd2f9cc7b) Importer(815301076,1909f56bfc062723c751e8b465ee728b)  -> (artifact id: '0113924fe4877ded4d93ce66153b2ec2') in 0.101579 seconds 
========================================================================
Received Import Request.
  Time since last request: 0.000566 seconds.
  path: Assets/Scripts/Common/ObjectPool.cs
  artifactKey: Guid(e54ce1773bf288c499961e5e880eec3c) Importer(815301076,1909f56bfc062723c751e8b465ee728b)
Start importing Assets/Scripts/Common/ObjectPool.cs using Guid(e54ce1773bf288c499961e5e880eec3c) Importer(815301076,1909f56bfc062723c751e8b465ee728b)  -> (artifact id: '08b7f37e2916da8111afb90c478cedf1') in 0.001524 seconds 
========================================================================
Received Import Request.
  Time since last request: 0.000546 seconds.
  path: Assets/3rdParty/Demigiant/DOTween/DOTween.dll
  artifactKey: Guid(a811bde74b26b53498b4f6d872b09b6d) Importer(815301076,1909f56bfc062723c751e8b465ee728b)
Start importing Assets/3rdParty/Demigiant/DOTween/DOTween.dll using Guid(a811bde74b26b53498b4f6d872b09b6d) Importer(815301076,1909f56bfc062723c751e8b465ee728b)  -> (artifact id: 'b594248e3ba109ca9b5e7e8a2453363e') in 0.001380 seconds 
========================================================================
Received Import Request.
  Time since last request: 0.000543 seconds.
  path: Assets/Scripts/Common/MonoSingleton.cs
  artifactKey: Guid(1546c784fa58cd241917a08382abb5dc) Importer(815301076,1909f56bfc062723c751e8b465ee728b)
Start importing Assets/Scripts/Common/MonoSingleton.cs using Guid(1546c784fa58cd241917a08382abb5dc) Importer(815301076,1909f56bfc062723c751e8b465ee728b)  -> (artifact id: 'a7d3a7b0a745eca0ab6b1ff6e637b6bb') in 0.001426 seconds 
========================================================================
Received Import Request.
  Time since last request: 0.002505 seconds.
  path: Assets/ArtResources/Textures/circle.png
  artifactKey: Guid(535d2ad30420e6f42af8d71b07a52129) Importer(815301076,1909f56bfc062723c751e8b465ee728b)
Start importing Assets/ArtResources/Textures/circle.png using Guid(535d2ad30420e6f42af8d71b07a52129) Importer(815301076,1909f56bfc062723c751e8b465ee728b)  -> (artifact id: '9fc625770085b038b82aec3565957025') in 0.014024 seconds 
========================================================================
Received Import Request.
  Time since last request: 0.000377 seconds.
  path: Assets/ArtResources/Textures/lines.png
  artifactKey: Guid(09ed4fe30a4df1043b3facbf0a0bcbfc) Importer(815301076,1909f56bfc062723c751e8b465ee728b)
Start importing Assets/ArtResources/Textures/lines.png using Guid(09ed4fe30a4df1043b3facbf0a0bcbfc) Importer(815301076,1909f56bfc062723c751e8b465ee728b)  -> (artifact id: '13720c8c28694504e3e1367b866e5b5f') in 0.025852 seconds 
========================================================================
Received Import Request.
  Time since last request: 0.000669 seconds.
  path: Assets/3rdParty/Demigiant/DemiLib/Core/DemiLib.dll
  artifactKey: Guid(020d384555a165247ac388da9b9e6794) Importer(815301076,1909f56bfc062723c751e8b465ee728b)
Start importing Assets/3rdParty/Demigiant/DemiLib/Core/DemiLib.dll using Guid(020d384555a165247ac388da9b9e6794) Importer(815301076,1909f56bfc062723c751e8b465ee728b)  -> (artifact id: '7037195936e84298e1868e6b92c2b776') in 0.001503 seconds 
========================================================================
Received Import Request.
  Time since last request: 0.000017 seconds.
  path: Assets/Scripts/TestGraph/UILineGraphManager.cs
  artifactKey: Guid(c66a2da7e4d2ef84a8952a7c248a1350) Importer(815301076,1909f56bfc062723c751e8b465ee728b)
Start importing Assets/Scripts/TestGraph/UILineGraphManager.cs using Guid(c66a2da7e4d2ef84a8952a7c248a1350) Importer(815301076,1909f56bfc062723c751e8b465ee728b)  -> (artifact id: 'de3b07c51ffa243f4bdeb5858e3fc267') in 0.001952 seconds 
========================================================================
Received Import Request.
  Time since last request: 0.000823 seconds.
  path: Assets/Scripts/TestGraph/UIGraphManager.cs
  artifactKey: Guid(0e27842173e1fb347bccce8ce57126e1) Importer(815301076,1909f56bfc062723c751e8b465ee728b)
Start importing Assets/Scripts/TestGraph/UIGraphManager.cs using Guid(0e27842173e1fb347bccce8ce57126e1) Importer(815301076,1909f56bfc062723c751e8b465ee728b)  -> (artifact id: '1272c3a846cbddeb67dffd309aa809fc') in 0.001396 seconds 
========================================================================
Received Import Request.
  Time since last request: 0.000635 seconds.
  path: Assets/Scripts/TestGraph/UIPieImage.cs
  artifactKey: Guid(381df677d25e6ef41b843128e0806f74) Importer(815301076,1909f56bfc062723c751e8b465ee728b)
Start importing Assets/Scripts/TestGraph/UIPieImage.cs using Guid(381df677d25e6ef41b843128e0806f74) Importer(815301076,1909f56bfc062723c751e8b465ee728b)  -> (artifact id: '712e5951eaade9934ad72eb5f91afe02') in 0.001371 seconds 
========================================================================
Received Import Request.
  Time since last request: 0.000521 seconds.
  path: Assets/3rdParty/Demigiant/DOTween/DOTween46.dll
  artifactKey: Guid(d98df433b973f924f84cc78db0bcfe0b) Importer(815301076,1909f56bfc062723c751e8b465ee728b)
Start importing Assets/3rdParty/Demigiant/DOTween/DOTween46.dll using Guid(d98df433b973f924f84cc78db0bcfe0b) Importer(815301076,1909f56bfc062723c751e8b465ee728b)  -> (artifact id: 'ac4979fc023796082238bc7f2367ca37') in 0.001494 seconds 
========================================================================
Received Import Request.
  Time since last request: 0.000798 seconds.
  path: Assets/3rdParty/Demigiant/DemiLib/Core/Editor/DemiEditor.dll
  artifactKey: Guid(af5aeaf5348a5a546ace885043a8fbe4) Importer(815301076,1909f56bfc062723c751e8b465ee728b)
Start importing Assets/3rdParty/Demigiant/DemiLib/Core/Editor/DemiEditor.dll using Guid(af5aeaf5348a5a546ace885043a8fbe4) Importer(815301076,1909f56bfc062723c751e8b465ee728b)  -> (artifact id: '6e8044fc2f2b5a6d387dd2cc3ce3a16f') in 0.001314 seconds 
========================================================================
Received Import Request.
  Time since last request: 0.000566 seconds.
  path: Assets/3rdParty/Demigiant/DOTween/Editor/DOTweenEditor.dll
  artifactKey: Guid(45d5034162d6cf04dbe46da84fc7d074) Importer(815301076,1909f56bfc062723c751e8b465ee728b)
Start importing Assets/3rdParty/Demigiant/DOTween/Editor/DOTweenEditor.dll using Guid(45d5034162d6cf04dbe46da84fc7d074) Importer(815301076,1909f56bfc062723c751e8b465ee728b)  -> (artifact id: '5ddd9442ef165cf1abf8ed9aabfbd3ae') in 0.001374 seconds 
========================================================================
Received Import Request.
  Time since last request: 0.000735 seconds.
  path: Assets/Scripts/TestGraph/UIBarGraphManager.cs
  artifactKey: Guid(8f39163eb8e31a44c895c84347bf81e7) Importer(815301076,1909f56bfc062723c751e8b465ee728b)
Start importing Assets/Scripts/TestGraph/UIBarGraphManager.cs using Guid(8f39163eb8e31a44c895c84347bf81e7) Importer(815301076,1909f56bfc062723c751e8b465ee728b)  -> (artifact id: '3501da52f8b25c41fe647a18be0ef7fe') in 0.001375 seconds 
========================================================================
Received Import Request.
  Time since last request: 0.000661 seconds.
  path: Assets/3rdParty/Demigiant/DOTween/DOTween43.dll
  artifactKey: Guid(380c1f663833e62479a3017cb0787da4) Importer(815301076,1909f56bfc062723c751e8b465ee728b)
Start importing Assets/3rdParty/Demigiant/DOTween/DOTween43.dll using Guid(380c1f663833e62479a3017cb0787da4) Importer(815301076,1909f56bfc062723c751e8b465ee728b)  -> (artifact id: '44ce09a1a5f80e4da2269d2646684ece') in 0.001358 seconds 
========================================================================
Received Import Request.
  Time since last request: 0.000645 seconds.
  path: Assets/Scripts/TestGraph/UIPieGraphManager.cs
  artifactKey: Guid(73ac13c4aa375294392b06046688e822) Importer(815301076,1909f56bfc062723c751e8b465ee728b)
Start importing Assets/Scripts/TestGraph/UIPieGraphManager.cs using Guid(73ac13c4aa375294392b06046688e822) Importer(815301076,1909f56bfc062723c751e8b465ee728b)  -> (artifact id: '92083939c63db782b4aca2b79820c508') in 0.001396 seconds 
